<?xml version="1.0" encoding="UTF-8"?>
<coverage generated="1634556384181" clover="3.2.0">
  <project timestamp="1634556384181" name="All files">
    <metrics statements="50" coveredstatements="50" conditionals="73" coveredconditionals="70" methods="12" coveredmethods="12" elements="135" coveredelements="132" complexity="0" loc="50" ncloc="50" packages="1" files="1" classes="1"/>
    <file name="kana-romaji.ts" path="/home/masaru/Documents/kana-romaji/kana-romaji.ts">
      <metrics statements="50" coveredstatements="50" conditionals="73" coveredconditionals="70" methods="12" coveredmethods="12"/>
      <line num="1" count="1" type="stmt"/>
      <line num="51" count="1" type="stmt"/>
      <line num="54" count="447" type="stmt"/>
      <line num="55" count="447" type="cond" truecount="4" falsecount="0"/>
      <line num="59" count="128" type="stmt"/>
      <line num="60" count="128" type="cond" truecount="2" falsecount="0"/>
      <line num="63" count="1" type="stmt"/>
      <line num="66" count="149" type="cond" truecount="3" falsecount="0"/>
      <line num="67" count="9" type="stmt"/>
      <line num="69" count="140" type="stmt"/>
      <line num="100" count="1" type="stmt"/>
      <line num="101" count="32" type="stmt"/>
      <line num="102" count="149" type="stmt"/>
      <line num="109" count="149" type="stmt"/>
      <line num="111" count="3278" type="stmt"/>
      <line num="112" count="103" type="stmt"/>
      <line num="114" count="894" type="stmt"/>
      <line num="115" count="129" type="stmt"/>
      <line num="121" count="149" type="stmt"/>
      <line num="122" count="149" type="stmt"/>
      <line num="123" count="149" type="cond" truecount="10" falsecount="0"/>
      <line num="127" count="28" type="cond" truecount="2" falsecount="0"/>
      <line num="128" count="28" type="stmt"/>
      <line num="129" count="121" type="cond" truecount="2" falsecount="0"/>
      <line num="130" count="5" type="stmt"/>
      <line num="131" count="5" type="cond" truecount="1" falsecount="0"/>
      <line num="132" count="3" type="stmt"/>
      <line num="134" count="116" type="cond" truecount="2" falsecount="0"/>
      <line num="135" count="16" type="stmt"/>
      <line num="136" count="16" type="cond" truecount="1" falsecount="0"/>
      <line num="137" count="15" type="cond" truecount="5" falsecount="1"/>
      <line num="139" count="14" type="stmt"/>
      <line num="141" count="15" type="cond" truecount="1" falsecount="0"/>
      <line num="142" count="6" type="stmt"/>
      <line num="145" count="100" type="cond" truecount="2" falsecount="0"/>
      <line num="146" count="3" type="cond" truecount="6" falsecount="0"/>
      <line num="147" count="3" type="cond" truecount="5" falsecount="0"/>
      <line num="148" count="1" type="stmt"/>
      <line num="150" count="97" type="cond" truecount="3" falsecount="0"/>
      <line num="151" count="11" type="cond" truecount="3" falsecount="0"/>
      <line num="152" count="1" type="stmt"/>
      <line num="154" count="11" type="cond" truecount="3" falsecount="0"/>
      <line num="155" count="2" type="stmt"/>
      <line num="158" count="149" type="stmt"/>
      <line num="159" count="149" type="stmt"/>
      <line num="162" count="149" type="cond" truecount="1" falsecount="0"/>
      <line num="163" count="6" type="stmt"/>
      <line num="165" count="143" type="cond" truecount="1" falsecount="0"/>
      <line num="166" count="9" type="cond" truecount="1" falsecount="1"/>
      <line num="168" count="134" type="cond" truecount="2" falsecount="0"/>
    </file>
  </project>
</coverage>
