{"/home/masaru/Documents/kana-romaji/kana-romaji.ts": {"path":"/home/masaru/Documents/kana-romaji/kana-romaji.ts","statementMap":{"0":{"start":{"line":1,"column":12},"end":{"line":41,"column":2}},"1":{"start":{"line":51,"column":39},"end":{"line":51,"column":55}},"2":{"start":{"line":54,"column":15},"end":{"line":54,"column":32}},"3":{"start":{"line":55,"column":2},"end":{"line":55,"column":79}},"4":{"start":{"line":59,"column":15},"end":{"line":59,"column":32}},"5":{"start":{"line":60,"column":2},"end":{"line":60,"column":44}},"6":{"start":{"line":63,"column":32},"end":{"line":63,"column":41}},"7":{"start":{"line":66,"column":2},"end":{"line":68,"column":null}},"8":{"start":{"line":67,"column":4},"end":{"line":67,"column":58}},"9":{"start":{"line":69,"column":2},"end":{"line":69,"column":12}},"10":{"start":{"line":101,"column":2},"end":{"line":170,"column":14}},"11":{"start":{"line":102,"column":18},"end":{"line":107,"column":6}},"12":{"start":{"line":109,"column":5},"end":{"line":119,"column":18}},"13":{"start":{"line":111,"column":27},"end":{"line":111,"column":41}},"14":{"start":{"line":112,"column":23},"end":{"line":112,"column":24}},"15":{"start":{"line":114,"column":27},"end":{"line":114,"column":41}},"16":{"start":{"line":115,"column":23},"end":{"line":115,"column":24}},"17":{"start":{"line":121,"column":19},"end":{"line":121,"column":29}},"18":{"start":{"line":122,"column":23},"end":{"line":122,"column":34}},"19":{"start":{"line":123,"column":6},"end":{"line":157,"column":null}},"20":{"start":{"line":127,"column":8},"end":{"line":127,"column":61}},"21":{"start":{"line":128,"column":8},"end":{"line":128,"column":26}},"22":{"start":{"line":129,"column":13},"end":{"line":157,"column":null}},"23":{"start":{"line":130,"column":8},"end":{"line":130,"column":23}},"24":{"start":{"line":131,"column":8},"end":{"line":133,"column":null}},"25":{"start":{"line":132,"column":10},"end":{"line":132,"column":32}},"26":{"start":{"line":134,"column":13},"end":{"line":157,"column":null}},"27":{"start":{"line":135,"column":8},"end":{"line":135,"column":24}},"28":{"start":{"line":136,"column":8},"end":{"line":144,"column":null}},"29":{"start":{"line":137,"column":10},"end":{"line":140,"column":null}},"30":{"start":{"line":139,"column":12},"end":{"line":139,"column":34}},"31":{"start":{"line":141,"column":10},"end":{"line":143,"column":null}},"32":{"start":{"line":142,"column":12},"end":{"line":142,"column":27}},"33":{"start":{"line":145,"column":13},"end":{"line":157,"column":null}},"34":{"start":{"line":146,"column":8},"end":{"line":146,"column":52}},"35":{"start":{"line":147,"column":8},"end":{"line":149,"column":null}},"36":{"start":{"line":148,"column":10},"end":{"line":148,"column":26}},"37":{"start":{"line":150,"column":13},"end":{"line":157,"column":null}},"38":{"start":{"line":151,"column":8},"end":{"line":153,"column":null}},"39":{"start":{"line":152,"column":10},"end":{"line":152,"column":27}},"40":{"start":{"line":154,"column":8},"end":{"line":156,"column":null}},"41":{"start":{"line":155,"column":10},"end":{"line":155,"column":26}},"42":{"start":{"line":158,"column":6},"end":{"line":158,"column":63}},"43":{"start":{"line":159,"column":6},"end":{"line":159,"column":18}},"44":{"start":{"line":162,"column":6},"end":{"line":164,"column":null}},"45":{"start":{"line":163,"column":8},"end":{"line":163,"column":20}},"46":{"start":{"line":165,"column":6},"end":{"line":167,"column":null}},"47":{"start":{"line":166,"column":8},"end":{"line":166,"column":57}},"48":{"start":{"line":168,"column":6},"end":{"line":168,"column":39}},"49":{"start":{"line":100,"column":0},"end":{"line":100,"column":16}}},"fnMap":{"0":{"name":"isKatakana","decl":{"start":{"line":53,"column":9},"end":{"line":53,"column":19}},"loc":{"start":{"line":53,"column":46},"end":{"line":56,"column":1}}},"1":{"name":"isHiragana","decl":{"start":{"line":58,"column":9},"end":{"line":58,"column":19}},"loc":{"start":{"line":58,"column":30},"end":{"line":61,"column":1}}},"2":{"name":"convHiragana","decl":{"start":{"line":65,"column":9},"end":{"line":65,"column":21}},"loc":{"start":{"line":65,"column":32},"end":{"line":70,"column":1}}},"3":{"name":"toRomaji","decl":{"start":{"line":100,"column":16},"end":{"line":100,"column":24}},"loc":{"start":{"line":100,"column":37},"end":{"line":171,"column":1}}},"4":{"name":"(anonymous_4)","decl":{"start":{"line":102,"column":9},"end":{"line":102,"column":10}},"loc":{"start":{"line":102,"column":18},"end":{"line":107,"column":6}}},"5":{"name":"(anonymous_5)","decl":{"start":{"line":108,"column":9},"end":{"line":108,"column":10}},"loc":{"start":{"line":109,"column":5},"end":{"line":119,"column":18}}},"6":{"name":"(anonymous_6)","decl":{"start":{"line":111,"column":16},"end":{"line":111,"column":17}},"loc":{"start":{"line":111,"column":27},"end":{"line":111,"column":41}}},"7":{"name":"(anonymous_7)","decl":{"start":{"line":112,"column":13},"end":{"line":112,"column":14}},"loc":{"start":{"line":112,"column":23},"end":{"line":112,"column":24}}},"8":{"name":"(anonymous_8)","decl":{"start":{"line":114,"column":16},"end":{"line":114,"column":17}},"loc":{"start":{"line":114,"column":27},"end":{"line":114,"column":41}}},"9":{"name":"(anonymous_9)","decl":{"start":{"line":115,"column":13},"end":{"line":115,"column":14}},"loc":{"start":{"line":115,"column":23},"end":{"line":115,"column":24}}},"10":{"name":"(anonymous_10)","decl":{"start":{"line":120,"column":12},"end":{"line":120,"column":13}},"loc":{"start":{"line":120,"column":76},"end":{"line":160,"column":5}}},"11":{"name":"(anonymous_11)","decl":{"start":{"line":161,"column":9},"end":{"line":161,"column":10}},"loc":{"start":{"line":161,"column":59},"end":{"line":169,"column":5}}}},"branchMap":{"0":{"loc":{"start":{"line":53,"column":32},"end":{"line":53,"column":46}},"type":"default-arg","locations":[{"start":{"line":53,"column":41},"end":{"line":53,"column":46}}]},"1":{"loc":{"start":{"line":55,"column":9},"end":{"line":55,"column":78}},"type":"binary-expr","locations":[{"start":{"line":55,"column":9},"end":{"line":55,"column":31}},{"start":{"line":55,"column":35},"end":{"line":55,"column":78}}]},"2":{"loc":{"start":{"line":55,"column":44},"end":{"line":55,"column":77}},"type":"cond-expr","locations":[{"start":{"line":55,"column":55},"end":{"line":55,"column":61}},{"start":{"line":55,"column":64},"end":{"line":55,"column":77}}]},"3":{"loc":{"start":{"line":60,"column":9},"end":{"line":60,"column":43}},"type":"binary-expr","locations":[{"start":{"line":60,"column":9},"end":{"line":60,"column":24}},{"start":{"line":60,"column":28},"end":{"line":60,"column":43}}]},"4":{"loc":{"start":{"line":66,"column":2},"end":{"line":68,"column":null}},"type":"if","locations":[{"start":{"line":66,"column":2},"end":{"line":68,"column":null}}]},"5":{"loc":{"start":{"line":66,"column":6},"end":{"line":66,"column":61}},"type":"binary-expr","locations":[{"start":{"line":66,"column":6},"end":{"line":66,"column":20}},{"start":{"line":66,"column":24},"end":{"line":66,"column":61}}]},"6":{"loc":{"start":{"line":106,"column":15},"end":{"line":106,"column":55}},"type":"binary-expr","locations":[{"start":{"line":106,"column":15},"end":{"line":106,"column":36}},{"start":{"line":106,"column":40},"end":{"line":106,"column":55}}]},"7":{"loc":{"start":{"line":123,"column":6},"end":{"line":157,"column":null}},"type":"if","locations":[{"start":{"line":123,"column":6},"end":{"line":157,"column":null}},{"start":{"line":129,"column":13},"end":{"line":157,"column":null}}]},"8":{"loc":{"start":{"line":123,"column":10},"end":{"line":125,"column":67}},"type":"binary-expr","locations":[{"start":{"line":123,"column":11},"end":{"line":123,"column":24}},{"start":{"line":123,"column":28},"end":{"line":123,"column":36}},{"start":{"line":123,"column":40},"end":{"line":123,"column":54}},{"start":{"line":124,"column":12},"end":{"line":124,"column":41}},{"start":{"line":124,"column":41},"end":{"line":124,"column":51}},{"start":{"line":125,"column":12},"end":{"line":125,"column":25}},{"start":{"line":125,"column":29},"end":{"line":125,"column":39}},{"start":{"line":125,"column":43},"end":{"line":125,"column":66}}]},"9":{"loc":{"start":{"line":124,"column":22},"end":{"line":124,"column":37}},"type":"cond-expr","locations":[{"start":{"line":124,"column":30},"end":{"line":124,"column":32}},{"start":{"line":124,"column":22},"end":{"line":124,"column":37}}]},"10":{"loc":{"start":{"line":124,"column":22},"end":{"line":124,"column":32}},"type":"binary-expr","locations":[{"start":{"line":124,"column":22},"end":{"line":124,"column":32}},{"start":{"line":124,"column":22},"end":{"line":124,"column":32}}]},"11":{"loc":{"start":{"line":125,"column":43},"end":{"line":125,"column":58}},"type":"cond-expr","locations":[{"start":{"line":125,"column":51},"end":{"line":125,"column":53}},{"start":{"line":125,"column":43},"end":{"line":125,"column":58}}]},"12":{"loc":{"start":{"line":125,"column":43},"end":{"line":125,"column":53}},"type":"binary-expr","locations":[{"start":{"line":125,"column":43},"end":{"line":125,"column":53}},{"start":{"line":125,"column":43},"end":{"line":125,"column":53}}]},"13":{"loc":{"start":{"line":127,"column":39},"end":{"line":127,"column":59}},"type":"binary-expr","locations":[{"start":{"line":127,"column":39},"end":{"line":127,"column":53}},{"start":{"line":127,"column":57},"end":{"line":127,"column":59}}]},"14":{"loc":{"start":{"line":129,"column":13},"end":{"line":157,"column":null}},"type":"if","locations":[{"start":{"line":129,"column":13},"end":{"line":157,"column":null}},{"start":{"line":134,"column":13},"end":{"line":157,"column":null}}]},"15":{"loc":{"start":{"line":131,"column":8},"end":{"line":133,"column":null}},"type":"if","locations":[{"start":{"line":131,"column":8},"end":{"line":133,"column":null}}]},"16":{"loc":{"start":{"line":134,"column":13},"end":{"line":157,"column":null}},"type":"if","locations":[{"start":{"line":134,"column":13},"end":{"line":157,"column":null}},{"start":{"line":145,"column":13},"end":{"line":157,"column":null}}]},"17":{"loc":{"start":{"line":136,"column":8},"end":{"line":144,"column":null}},"type":"if","locations":[{"start":{"line":136,"column":8},"end":{"line":144,"column":null}}]},"18":{"loc":{"start":{"line":137,"column":10},"end":{"line":140,"column":null}},"type":"if","locations":[{"start":{"line":137,"column":10},"end":{"line":140,"column":null}}]},"19":{"loc":{"start":{"line":137,"column":14},"end":{"line":138,"column":67}},"type":"binary-expr","locations":[{"start":{"line":137,"column":14},"end":{"line":137,"column":55}},{"start":{"line":138,"column":15},"end":{"line":138,"column":41}},{"start":{"line":138,"column":45},"end":{"line":138,"column":67}}]},"20":{"loc":{"start":{"line":137,"column":34},"end":{"line":137,"column":54}},"type":"binary-expr","locations":[{"start":{"line":137,"column":34},"end":{"line":137,"column":48}},{"start":{"line":137,"column":52},"end":{"line":137,"column":54}}]},"21":{"loc":{"start":{"line":141,"column":10},"end":{"line":143,"column":null}},"type":"if","locations":[{"start":{"line":141,"column":10},"end":{"line":143,"column":null}}]},"22":{"loc":{"start":{"line":145,"column":13},"end":{"line":157,"column":null}},"type":"if","locations":[{"start":{"line":145,"column":13},"end":{"line":157,"column":null}},{"start":{"line":150,"column":13},"end":{"line":157,"column":null}}]},"23":{"loc":{"start":{"line":146,"column":20},"end":{"line":146,"column":51}},"type":"binary-expr","locations":[{"start":{"line":146,"column":20},"end":{"line":146,"column":45}},{"start":{"line":146,"column":49},"end":{"line":146,"column":51}}]},"24":{"loc":{"start":{"line":146,"column":20},"end":{"line":146,"column":45}},"type":"cond-expr","locations":[{"start":{"line":146,"column":24},"end":{"line":146,"column":26}},{"start":{"line":146,"column":20},"end":{"line":146,"column":45}}]},"25":{"loc":{"start":{"line":146,"column":20},"end":{"line":146,"column":26}},"type":"binary-expr","locations":[{"start":{"line":146,"column":20},"end":{"line":146,"column":26}},{"start":{"line":146,"column":20},"end":{"line":146,"column":26}}]},"26":{"loc":{"start":{"line":147,"column":8},"end":{"line":149,"column":null}},"type":"if","locations":[{"start":{"line":147,"column":8},"end":{"line":149,"column":null}}]},"27":{"loc":{"start":{"line":147,"column":12},"end":{"line":147,"column":27}},"type":"cond-expr","locations":[{"start":{"line":147,"column":16},"end":{"line":147,"column":18}},{"start":{"line":147,"column":12},"end":{"line":147,"column":27}}]},"28":{"loc":{"start":{"line":147,"column":12},"end":{"line":147,"column":18}},"type":"binary-expr","locations":[{"start":{"line":147,"column":12},"end":{"line":147,"column":18}},{"start":{"line":147,"column":12},"end":{"line":147,"column":18}}]},"29":{"loc":{"start":{"line":150,"column":13},"end":{"line":157,"column":null}},"type":"if","locations":[{"start":{"line":150,"column":13},"end":{"line":157,"column":null}}]},"30":{"loc":{"start":{"line":150,"column":17},"end":{"line":150,"column":44}},"type":"binary-expr","locations":[{"start":{"line":150,"column":17},"end":{"line":150,"column":34}},{"start":{"line":150,"column":38},"end":{"line":150,"column":44}}]},"31":{"loc":{"start":{"line":151,"column":8},"end":{"line":153,"column":null}},"type":"if","locations":[{"start":{"line":151,"column":8},"end":{"line":153,"column":null}}]},"32":{"loc":{"start":{"line":151,"column":12},"end":{"line":151,"column":35}},"type":"binary-expr","locations":[{"start":{"line":151,"column":12},"end":{"line":151,"column":16}},{"start":{"line":151,"column":20},"end":{"line":151,"column":35}}]},"33":{"loc":{"start":{"line":154,"column":8},"end":{"line":156,"column":null}},"type":"if","locations":[{"start":{"line":154,"column":8},"end":{"line":156,"column":null}}]},"34":{"loc":{"start":{"line":154,"column":12},"end":{"line":154,"column":65}},"type":"binary-expr","locations":[{"start":{"line":154,"column":12},"end":{"line":154,"column":16}},{"start":{"line":154,"column":20},"end":{"line":154,"column":65}}]},"35":{"loc":{"start":{"line":162,"column":6},"end":{"line":164,"column":null}},"type":"if","locations":[{"start":{"line":162,"column":6},"end":{"line":164,"column":null}}]},"36":{"loc":{"start":{"line":165,"column":6},"end":{"line":167,"column":null}},"type":"if","locations":[{"start":{"line":165,"column":6},"end":{"line":167,"column":null}}]},"37":{"loc":{"start":{"line":166,"column":29},"end":{"line":166,"column":40}},"type":"binary-expr","locations":[{"start":{"line":166,"column":29},"end":{"line":166,"column":34}},{"start":{"line":166,"column":38},"end":{"line":166,"column":40}}]},"38":{"loc":{"start":{"line":168,"column":26},"end":{"line":168,"column":37}},"type":"binary-expr","locations":[{"start":{"line":168,"column":26},"end":{"line":168,"column":31}},{"start":{"line":168,"column":35},"end":{"line":168,"column":37}}]}},"s":{"0":1,"1":1,"2":447,"3":447,"4":128,"5":128,"6":1,"7":149,"8":9,"9":140,"10":32,"11":149,"12":149,"13":3278,"14":103,"15":894,"16":129,"17":149,"18":149,"19":149,"20":28,"21":28,"22":121,"23":5,"24":5,"25":3,"26":116,"27":16,"28":16,"29":15,"30":14,"31":15,"32":6,"33":100,"34":3,"35":3,"36":1,"37":97,"38":11,"39":1,"40":11,"41":2,"42":149,"43":149,"44":149,"45":6,"46":143,"47":9,"48":134,"49":1},"f":{"0":447,"1":128,"2":149,"3":32,"4":149,"5":149,"6":3278,"7":103,"8":894,"9":129,"10":149,"11":149},"b":{"0":[298],"1":[447,63],"2":[21,42],"3":[128,122],"4":[9],"5":[149,9],"6":[149,128],"7":[28,121],"8":[149,12,12,137,12,130,33,9],"9":[32,105],"10":[137,137],"11":[0,9],"12":[9,9],"13":[28,3],"14":[5,116],"15":[3],"16":[16,100],"17":[15],"18":[14],"19":[15,2,1],"20":[15,0],"21":[6],"22":[3,97],"23":[3,1],"24":[1,2],"25":[3,3],"26":[1],"27":[1,2],"28":[3,3],"29":[11],"30":[97,13],"31":[1],"32":[11,9],"33":[2],"34":[11,9],"35":[6],"36":[9],"37":[9,0],"38":[134,56]}}
}
