{"/home/masaru/Documents/kana-romaji/src/kana-romaji.ts": {"path":"/home/masaru/Documents/kana-romaji/src/kana-romaji.ts","statementMap":{"0":{"start":{"line":1,"column":12},"end":{"line":42,"column":2}},"1":{"start":{"line":52,"column":39},"end":{"line":52,"column":55}},"2":{"start":{"line":55,"column":15},"end":{"line":55,"column":32}},"3":{"start":{"line":56,"column":2},"end":{"line":56,"column":79}},"4":{"start":{"line":60,"column":15},"end":{"line":60,"column":32}},"5":{"start":{"line":61,"column":2},"end":{"line":61,"column":44}},"6":{"start":{"line":64,"column":32},"end":{"line":64,"column":41}},"7":{"start":{"line":67,"column":2},"end":{"line":69,"column":null}},"8":{"start":{"line":68,"column":4},"end":{"line":68,"column":58}},"9":{"start":{"line":70,"column":2},"end":{"line":70,"column":12}},"10":{"start":{"line":102,"column":2},"end":{"line":171,"column":14}},"11":{"start":{"line":103,"column":18},"end":{"line":108,"column":6}},"12":{"start":{"line":110,"column":5},"end":{"line":120,"column":18}},"13":{"start":{"line":112,"column":27},"end":{"line":112,"column":41}},"14":{"start":{"line":113,"column":23},"end":{"line":113,"column":24}},"15":{"start":{"line":115,"column":27},"end":{"line":115,"column":41}},"16":{"start":{"line":116,"column":23},"end":{"line":116,"column":24}},"17":{"start":{"line":122,"column":19},"end":{"line":122,"column":29}},"18":{"start":{"line":123,"column":23},"end":{"line":123,"column":34}},"19":{"start":{"line":124,"column":6},"end":{"line":158,"column":null}},"20":{"start":{"line":128,"column":8},"end":{"line":128,"column":61}},"21":{"start":{"line":129,"column":8},"end":{"line":129,"column":26}},"22":{"start":{"line":130,"column":13},"end":{"line":158,"column":null}},"23":{"start":{"line":131,"column":8},"end":{"line":131,"column":23}},"24":{"start":{"line":132,"column":8},"end":{"line":134,"column":null}},"25":{"start":{"line":133,"column":10},"end":{"line":133,"column":32}},"26":{"start":{"line":135,"column":13},"end":{"line":158,"column":null}},"27":{"start":{"line":136,"column":8},"end":{"line":136,"column":24}},"28":{"start":{"line":137,"column":8},"end":{"line":145,"column":null}},"29":{"start":{"line":138,"column":10},"end":{"line":141,"column":null}},"30":{"start":{"line":140,"column":12},"end":{"line":140,"column":34}},"31":{"start":{"line":142,"column":10},"end":{"line":144,"column":null}},"32":{"start":{"line":143,"column":12},"end":{"line":143,"column":27}},"33":{"start":{"line":146,"column":13},"end":{"line":158,"column":null}},"34":{"start":{"line":147,"column":8},"end":{"line":147,"column":52}},"35":{"start":{"line":148,"column":8},"end":{"line":150,"column":null}},"36":{"start":{"line":149,"column":10},"end":{"line":149,"column":26}},"37":{"start":{"line":151,"column":13},"end":{"line":158,"column":null}},"38":{"start":{"line":152,"column":8},"end":{"line":154,"column":null}},"39":{"start":{"line":153,"column":10},"end":{"line":153,"column":27}},"40":{"start":{"line":155,"column":8},"end":{"line":157,"column":null}},"41":{"start":{"line":156,"column":10},"end":{"line":156,"column":26}},"42":{"start":{"line":159,"column":6},"end":{"line":159,"column":63}},"43":{"start":{"line":160,"column":6},"end":{"line":160,"column":18}},"44":{"start":{"line":163,"column":6},"end":{"line":165,"column":null}},"45":{"start":{"line":164,"column":8},"end":{"line":164,"column":20}},"46":{"start":{"line":166,"column":6},"end":{"line":168,"column":null}},"47":{"start":{"line":167,"column":8},"end":{"line":167,"column":57}},"48":{"start":{"line":169,"column":6},"end":{"line":169,"column":39}},"49":{"start":{"line":101,"column":0},"end":{"line":101,"column":16}}},"fnMap":{"0":{"name":"isKatakana","decl":{"start":{"line":54,"column":9},"end":{"line":54,"column":19}},"loc":{"start":{"line":54,"column":46},"end":{"line":57,"column":1}}},"1":{"name":"isHiragana","decl":{"start":{"line":59,"column":9},"end":{"line":59,"column":19}},"loc":{"start":{"line":59,"column":30},"end":{"line":62,"column":1}}},"2":{"name":"convHiragana","decl":{"start":{"line":66,"column":9},"end":{"line":66,"column":21}},"loc":{"start":{"line":66,"column":32},"end":{"line":71,"column":1}}},"3":{"name":"toRomaji","decl":{"start":{"line":101,"column":16},"end":{"line":101,"column":24}},"loc":{"start":{"line":101,"column":37},"end":{"line":172,"column":1}}},"4":{"name":"(anonymous_4)","decl":{"start":{"line":103,"column":9},"end":{"line":103,"column":10}},"loc":{"start":{"line":103,"column":18},"end":{"line":108,"column":6}}},"5":{"name":"(anonymous_5)","decl":{"start":{"line":109,"column":9},"end":{"line":109,"column":10}},"loc":{"start":{"line":110,"column":5},"end":{"line":120,"column":18}}},"6":{"name":"(anonymous_6)","decl":{"start":{"line":112,"column":16},"end":{"line":112,"column":17}},"loc":{"start":{"line":112,"column":27},"end":{"line":112,"column":41}}},"7":{"name":"(anonymous_7)","decl":{"start":{"line":113,"column":13},"end":{"line":113,"column":14}},"loc":{"start":{"line":113,"column":23},"end":{"line":113,"column":24}}},"8":{"name":"(anonymous_8)","decl":{"start":{"line":115,"column":16},"end":{"line":115,"column":17}},"loc":{"start":{"line":115,"column":27},"end":{"line":115,"column":41}}},"9":{"name":"(anonymous_9)","decl":{"start":{"line":116,"column":13},"end":{"line":116,"column":14}},"loc":{"start":{"line":116,"column":23},"end":{"line":116,"column":24}}},"10":{"name":"(anonymous_10)","decl":{"start":{"line":121,"column":12},"end":{"line":121,"column":13}},"loc":{"start":{"line":121,"column":76},"end":{"line":161,"column":5}}},"11":{"name":"(anonymous_11)","decl":{"start":{"line":162,"column":9},"end":{"line":162,"column":10}},"loc":{"start":{"line":162,"column":59},"end":{"line":170,"column":5}}}},"branchMap":{"0":{"loc":{"start":{"line":54,"column":32},"end":{"line":54,"column":46}},"type":"default-arg","locations":[{"start":{"line":54,"column":41},"end":{"line":54,"column":46}}]},"1":{"loc":{"start":{"line":56,"column":9},"end":{"line":56,"column":78}},"type":"binary-expr","locations":[{"start":{"line":56,"column":9},"end":{"line":56,"column":31}},{"start":{"line":56,"column":35},"end":{"line":56,"column":78}}]},"2":{"loc":{"start":{"line":56,"column":44},"end":{"line":56,"column":77}},"type":"cond-expr","locations":[{"start":{"line":56,"column":55},"end":{"line":56,"column":61}},{"start":{"line":56,"column":64},"end":{"line":56,"column":77}}]},"3":{"loc":{"start":{"line":61,"column":9},"end":{"line":61,"column":43}},"type":"binary-expr","locations":[{"start":{"line":61,"column":9},"end":{"line":61,"column":24}},{"start":{"line":61,"column":28},"end":{"line":61,"column":43}}]},"4":{"loc":{"start":{"line":67,"column":2},"end":{"line":69,"column":null}},"type":"if","locations":[{"start":{"line":67,"column":2},"end":{"line":69,"column":null}}]},"5":{"loc":{"start":{"line":67,"column":6},"end":{"line":67,"column":61}},"type":"binary-expr","locations":[{"start":{"line":67,"column":6},"end":{"line":67,"column":20}},{"start":{"line":67,"column":24},"end":{"line":67,"column":61}}]},"6":{"loc":{"start":{"line":107,"column":15},"end":{"line":107,"column":55}},"type":"binary-expr","locations":[{"start":{"line":107,"column":15},"end":{"line":107,"column":36}},{"start":{"line":107,"column":40},"end":{"line":107,"column":55}}]},"7":{"loc":{"start":{"line":124,"column":6},"end":{"line":158,"column":null}},"type":"if","locations":[{"start":{"line":124,"column":6},"end":{"line":158,"column":null}},{"start":{"line":130,"column":13},"end":{"line":158,"column":null}}]},"8":{"loc":{"start":{"line":124,"column":10},"end":{"line":126,"column":67}},"type":"binary-expr","locations":[{"start":{"line":124,"column":11},"end":{"line":124,"column":24}},{"start":{"line":124,"column":28},"end":{"line":124,"column":36}},{"start":{"line":124,"column":40},"end":{"line":124,"column":54}},{"start":{"line":125,"column":12},"end":{"line":125,"column":37}},{"start":{"line":125,"column":41},"end":{"line":125,"column":51}},{"start":{"line":126,"column":12},"end":{"line":126,"column":25}},{"start":{"line":126,"column":29},"end":{"line":126,"column":39}},{"start":{"line":126,"column":43},"end":{"line":126,"column":66}}]},"9":{"loc":{"start":{"line":128,"column":39},"end":{"line":128,"column":59}},"type":"binary-expr","locations":[{"start":{"line":128,"column":39},"end":{"line":128,"column":53}},{"start":{"line":128,"column":57},"end":{"line":128,"column":59}}]},"10":{"loc":{"start":{"line":130,"column":13},"end":{"line":158,"column":null}},"type":"if","locations":[{"start":{"line":130,"column":13},"end":{"line":158,"column":null}},{"start":{"line":135,"column":13},"end":{"line":158,"column":null}}]},"11":{"loc":{"start":{"line":132,"column":8},"end":{"line":134,"column":null}},"type":"if","locations":[{"start":{"line":132,"column":8},"end":{"line":134,"column":null}}]},"12":{"loc":{"start":{"line":135,"column":13},"end":{"line":158,"column":null}},"type":"if","locations":[{"start":{"line":135,"column":13},"end":{"line":158,"column":null}},{"start":{"line":146,"column":13},"end":{"line":158,"column":null}}]},"13":{"loc":{"start":{"line":137,"column":8},"end":{"line":145,"column":null}},"type":"if","locations":[{"start":{"line":137,"column":8},"end":{"line":145,"column":null}}]},"14":{"loc":{"start":{"line":138,"column":10},"end":{"line":141,"column":null}},"type":"if","locations":[{"start":{"line":138,"column":10},"end":{"line":141,"column":null}}]},"15":{"loc":{"start":{"line":138,"column":14},"end":{"line":139,"column":79}},"type":"binary-expr","locations":[{"start":{"line":138,"column":14},"end":{"line":138,"column":55}},{"start":{"line":139,"column":15},"end":{"line":139,"column":53}},{"start":{"line":139,"column":57},"end":{"line":139,"column":79}}]},"16":{"loc":{"start":{"line":138,"column":34},"end":{"line":138,"column":54}},"type":"binary-expr","locations":[{"start":{"line":138,"column":34},"end":{"line":138,"column":48}},{"start":{"line":138,"column":52},"end":{"line":138,"column":54}}]},"17":{"loc":{"start":{"line":142,"column":10},"end":{"line":144,"column":null}},"type":"if","locations":[{"start":{"line":142,"column":10},"end":{"line":144,"column":null}}]},"18":{"loc":{"start":{"line":146,"column":13},"end":{"line":158,"column":null}},"type":"if","locations":[{"start":{"line":146,"column":13},"end":{"line":158,"column":null}},{"start":{"line":151,"column":13},"end":{"line":158,"column":null}}]},"19":{"loc":{"start":{"line":147,"column":20},"end":{"line":147,"column":51}},"type":"binary-expr","locations":[{"start":{"line":147,"column":20},"end":{"line":147,"column":45}},{"start":{"line":147,"column":49},"end":{"line":147,"column":51}}]},"20":{"loc":{"start":{"line":148,"column":8},"end":{"line":150,"column":null}},"type":"if","locations":[{"start":{"line":148,"column":8},"end":{"line":150,"column":null}}]},"21":{"loc":{"start":{"line":151,"column":13},"end":{"line":158,"column":null}},"type":"if","locations":[{"start":{"line":151,"column":13},"end":{"line":158,"column":null}}]},"22":{"loc":{"start":{"line":151,"column":17},"end":{"line":151,"column":44}},"type":"binary-expr","locations":[{"start":{"line":151,"column":17},"end":{"line":151,"column":34}},{"start":{"line":151,"column":38},"end":{"line":151,"column":44}}]},"23":{"loc":{"start":{"line":152,"column":8},"end":{"line":154,"column":null}},"type":"if","locations":[{"start":{"line":152,"column":8},"end":{"line":154,"column":null}}]},"24":{"loc":{"start":{"line":152,"column":12},"end":{"line":152,"column":35}},"type":"binary-expr","locations":[{"start":{"line":152,"column":12},"end":{"line":152,"column":16}},{"start":{"line":152,"column":20},"end":{"line":152,"column":35}}]},"25":{"loc":{"start":{"line":155,"column":8},"end":{"line":157,"column":null}},"type":"if","locations":[{"start":{"line":155,"column":8},"end":{"line":157,"column":null}}]},"26":{"loc":{"start":{"line":155,"column":12},"end":{"line":155,"column":65}},"type":"binary-expr","locations":[{"start":{"line":155,"column":12},"end":{"line":155,"column":16}},{"start":{"line":155,"column":20},"end":{"line":155,"column":65}}]},"27":{"loc":{"start":{"line":163,"column":6},"end":{"line":165,"column":null}},"type":"if","locations":[{"start":{"line":163,"column":6},"end":{"line":165,"column":null}}]},"28":{"loc":{"start":{"line":166,"column":6},"end":{"line":168,"column":null}},"type":"if","locations":[{"start":{"line":166,"column":6},"end":{"line":168,"column":null}}]},"29":{"loc":{"start":{"line":167,"column":29},"end":{"line":167,"column":40}},"type":"binary-expr","locations":[{"start":{"line":167,"column":29},"end":{"line":167,"column":34}},{"start":{"line":167,"column":38},"end":{"line":167,"column":40}}]},"30":{"loc":{"start":{"line":169,"column":26},"end":{"line":169,"column":37}},"type":"binary-expr","locations":[{"start":{"line":169,"column":26},"end":{"line":169,"column":31}},{"start":{"line":169,"column":35},"end":{"line":169,"column":37}}]}},"s":{"0":1,"1":1,"2":525,"3":525,"4":151,"5":151,"6":1,"7":175,"8":11,"9":164,"10":35,"11":175,"12":175,"13":4025,"14":119,"15":1050,"16":153,"17":175,"18":175,"19":175,"20":32,"21":32,"22":143,"23":6,"24":6,"25":4,"26":137,"27":18,"28":18,"29":17,"30":16,"31":17,"32":7,"33":119,"34":3,"35":3,"36":1,"37":116,"38":11,"39":1,"40":11,"41":2,"42":175,"43":175,"44":175,"45":8,"46":167,"47":11,"48":156,"49":1},"f":{"0":525,"1":151,"2":175,"3":35,"4":175,"5":175,"6":4025,"7":119,"8":1050,"9":153,"10":175,"11":175},"b":{"0":[350],"1":[525,72],"2":[24,48],"3":[151,143],"4":[11],"5":[175,11],"6":[175,151],"7":[32,143],"8":[175,13,13,162,13,155,41,12],"9":[32,3],"10":[6,137],"11":[4],"12":[18,119],"13":[17],"14":[16],"15":[17,3,2],"16":[17,0],"17":[7],"18":[3,116],"19":[3,1],"20":[1],"21":[11],"22":[116,13],"23":[1],"24":[11,9],"25":[2],"26":[11,9],"27":[8],"28":[11],"29":[11,1],"30":[156,62]}}
}
