TN:
SF:kana-romaji.ts
FN:53,isKatakana
FN:58,isHiragana
FN:65,convHiragana
FN:100,toRomaji
FN:102,(anonymous_4)
FN:108,(anonymous_5)
FN:111,(anonymous_6)
FN:112,(anonymous_7)
FN:114,(anonymous_8)
FN:115,(anonymous_9)
FN:120,(anonymous_10)
FN:161,(anonymous_11)
FNF:12
FNH:12
FNDA:510,isKatakana
FNDA:149,isHiragana
FNDA:170,convHiragana
FNDA:33,toRomaji
FNDA:170,(anonymous_4)
FNDA:170,(anonymous_5)
FNDA:3740,(anonymous_6)
FNDA:115,(anonymous_7)
FNDA:1020,(anonymous_8)
FNDA:148,(anonymous_9)
FNDA:170,(anonymous_10)
FNDA:170,(anonymous_11)
DA:1,1
DA:51,1
DA:54,510
DA:55,510
DA:59,149
DA:60,149
DA:63,1
DA:66,170
DA:67,9
DA:69,161
DA:100,1
DA:101,33
DA:102,170
DA:109,170
DA:111,3740
DA:112,115
DA:114,1020
DA:115,148
DA:121,170
DA:122,170
DA:123,170
DA:127,31
DA:128,31
DA:129,139
DA:130,5
DA:131,5
DA:132,3
DA:134,134
DA:135,17
DA:136,17
DA:137,16
DA:139,15
DA:141,16
DA:142,7
DA:145,117
DA:146,3
DA:147,3
DA:148,1
DA:150,114
DA:151,11
DA:152,1
DA:154,11
DA:155,2
DA:158,170
DA:159,170
DA:162,170
DA:163,8
DA:165,162
DA:166,9
DA:168,153
LF:50
LH:50
BRDA:53,0,0,340
BRDA:55,1,0,510
BRDA:55,1,1,63
BRDA:55,2,0,21
BRDA:55,2,1,42
BRDA:60,3,0,149
BRDA:60,3,1,141
BRDA:66,4,0,9
BRDA:66,5,0,170
BRDA:66,5,1,9
BRDA:106,6,0,170
BRDA:106,6,1,149
BRDA:123,7,0,31
BRDA:123,7,1,139
BRDA:123,8,0,170
BRDA:123,8,1,12
BRDA:123,8,2,12
BRDA:123,8,3,158
BRDA:123,8,4,12
BRDA:123,8,5,151
BRDA:123,8,6,38
BRDA:123,8,7,12
BRDA:124,9,0,33
BRDA:124,9,1,125
BRDA:124,10,0,158
BRDA:124,10,1,158
BRDA:125,11,0,0
BRDA:125,11,1,12
BRDA:125,12,0,12
BRDA:125,12,1,12
BRDA:127,13,0,31
BRDA:127,13,1,3
BRDA:129,14,0,5
BRDA:129,14,1,134
BRDA:131,15,0,3
BRDA:134,16,0,17
BRDA:134,16,1,117
BRDA:136,17,0,16
BRDA:137,18,0,15
BRDA:137,19,0,16
BRDA:137,19,1,2
BRDA:137,19,2,1
BRDA:137,20,0,16
BRDA:137,20,1,0
BRDA:141,21,0,7
BRDA:145,22,0,3
BRDA:145,22,1,114
BRDA:146,23,0,3
BRDA:146,23,1,1
BRDA:146,24,0,1
BRDA:146,24,1,2
BRDA:146,25,0,3
BRDA:146,25,1,3
BRDA:147,26,0,1
BRDA:147,27,0,1
BRDA:147,27,1,2
BRDA:147,28,0,3
BRDA:147,28,1,3
BRDA:150,29,0,11
BRDA:150,30,0,114
BRDA:150,30,1,13
BRDA:151,31,0,1
BRDA:151,32,0,11
BRDA:151,32,1,9
BRDA:154,33,0,2
BRDA:154,34,0,11
BRDA:154,34,1,9
BRDA:162,35,0,8
BRDA:165,36,0,9
BRDA:166,37,0,9
BRDA:166,37,1,0
BRDA:168,38,0,153
BRDA:168,38,1,60
BRF:73
BRH:70
end_of_record
