TN:
SF:src/kana-romaji.ts
FN:54,isKatakana
FN:59,isHiragana
FN:66,convHiragana
FN:101,toRomaji
FN:103,(anonymous_4)
FN:109,(anonymous_5)
FN:112,(anonymous_6)
FN:113,(anonymous_7)
FN:115,(anonymous_8)
FN:116,(anonymous_9)
FN:121,(anonymous_10)
FN:162,(anonymous_11)
FNF:12
FNH:12
FNDA:525,isKatakana
FNDA:151,isHiragana
FNDA:175,convHiragana
FNDA:35,toRomaji
FNDA:175,(anonymous_4)
FNDA:175,(anonymous_5)
FNDA:4025,(anonymous_6)
FNDA:119,(anonymous_7)
FNDA:1050,(anonymous_8)
FNDA:153,(anonymous_9)
FNDA:175,(anonymous_10)
FNDA:175,(anonymous_11)
DA:1,1
DA:52,1
DA:55,525
DA:56,525
DA:60,151
DA:61,151
DA:64,1
DA:67,175
DA:68,11
DA:70,164
DA:101,1
DA:102,35
DA:103,175
DA:110,175
DA:112,4025
DA:113,119
DA:115,1050
DA:116,153
DA:122,175
DA:123,175
DA:124,175
DA:128,32
DA:129,32
DA:130,143
DA:131,6
DA:132,6
DA:133,4
DA:135,137
DA:136,18
DA:137,18
DA:138,17
DA:140,16
DA:142,17
DA:143,7
DA:146,119
DA:147,3
DA:148,3
DA:149,1
DA:151,116
DA:152,11
DA:153,1
DA:155,11
DA:156,2
DA:159,175
DA:160,175
DA:163,175
DA:164,8
DA:166,167
DA:167,11
DA:169,156
LF:50
LH:50
BRDA:54,0,0,350
BRDA:56,1,0,525
BRDA:56,1,1,72
BRDA:56,2,0,24
BRDA:56,2,1,48
BRDA:61,3,0,151
BRDA:61,3,1,143
BRDA:67,4,0,11
BRDA:67,5,0,175
BRDA:67,5,1,11
BRDA:107,6,0,175
BRDA:107,6,1,151
BRDA:124,7,0,32
BRDA:124,7,1,143
BRDA:124,8,0,175
BRDA:124,8,1,13
BRDA:124,8,2,13
BRDA:124,8,3,162
BRDA:124,8,4,13
BRDA:124,8,5,155
BRDA:124,8,6,41
BRDA:124,8,7,12
BRDA:128,9,0,32
BRDA:128,9,1,3
BRDA:130,10,0,6
BRDA:130,10,1,137
BRDA:132,11,0,4
BRDA:135,12,0,18
BRDA:135,12,1,119
BRDA:137,13,0,17
BRDA:138,14,0,16
BRDA:138,15,0,17
BRDA:138,15,1,3
BRDA:138,15,2,2
BRDA:138,16,0,17
BRDA:138,16,1,0
BRDA:142,17,0,7
BRDA:146,18,0,3
BRDA:146,18,1,116
BRDA:147,19,0,3
BRDA:147,19,1,1
BRDA:148,20,0,1
BRDA:151,21,0,11
BRDA:151,22,0,116
BRDA:151,22,1,13
BRDA:152,23,0,1
BRDA:152,24,0,11
BRDA:152,24,1,9
BRDA:155,25,0,2
BRDA:155,26,0,11
BRDA:155,26,1,9
BRDA:163,27,0,8
BRDA:166,28,0,11
BRDA:167,29,0,11
BRDA:167,29,1,1
BRDA:169,30,0,156
BRDA:169,30,1,62
BRF:57
BRH:56
end_of_record
